<?xml version="1.0" encoding="UTF-8"?>
<!-- Generated by org.testng.reporters.JUnitReportReporter -->
<testsuite skipped="0" hostname="LAPTOP-QFB8EBV8" name="automationTesting.AppiumTest" tests="2" failures="0" timestamp="03 Feb 2019 15:27:06 GMT" time="0.001" errors="0">
  <testcase name="androidApp" time="0.000" classname="automationTesting.AppiumTest"/>
  <testcase name="IOSApp" time="0.001" classname="automationTesting.AppiumTest"/>
</testsuite> <!-- automationTesting.AppiumTest -->
