<?xml version="1.0" encoding="UTF-8"?>
<!-- Generated by org.testng.reporters.JUnitReportReporter -->
<testsuite skipped="0" hostname="LAPTOP-QFB8EBV8" name="automationTesting.RESTAPITest" tests="2" failures="0" timestamp="03 Feb 2019 15:27:22 GMT" time="0.022" errors="0">
  <testcase name="deleteTwitter" time="0.022" classname="automationTesting.RESTAPITest"/>
  <testcase name="postJIRA" time="0.000" classname="automationTesting.RESTAPITest"/>
</testsuite> <!-- automationTesting.RESTAPITest -->
