<?xml version="1.0" encoding="UTF-8"?>
<!-- Generated by org.testng.reporters.JUnitReportReporter -->
<testsuite skipped="0" hostname="LAPTOP-QFB8EBV8" name="automationTesting.SeleniumTest" tests="2" failures="0" timestamp="03 Feb 2019 15:27:22 GMT" time="0.002" errors="0">
  <testcase name="logIn" time="0.002" classname="automationTesting.SeleniumTest"/>
  <testcase name="signUp" time="0.000" classname="automationTesting.SeleniumTest"/>
</testsuite> <!-- automationTesting.SeleniumTest -->
